[07-Sep-2017 14:42:27 UTC] PHP Notice:  De aangeroepen constructiemethode voor WP_Widget in VMenuWidget is <strong>niet meer in gebruik</strong> sinds versie 4.3.0. Gebruik in plaats daarvan: <pre>__construct()</pre>. in /home/sites/forwodians.nl/web/wp-includes/functions.php on line 3894
[07-Sep-2017 14:42:27 UTC] PHP Notice:  De aangeroepen constructiemethode voor WP_Widget in LoginWidget is <strong>niet meer in gebruik</strong> sinds versie 4.3.0. Gebruik in plaats daarvan: <pre>__construct()</pre>. in /home/sites/forwodians.nl/web/wp-includes/functions.php on line 3894
[07-Sep-2017 14:42:28 UTC] PHP Notice:  De aangeroepen constructiemethode voor WP_Widget in VMenuWidget is <strong>niet meer in gebruik</strong> sinds versie 4.3.0. Gebruik in plaats daarvan: <pre>__construct()</pre>. in /home/sites/forwodians.nl/web/wp-includes/functions.php on line 3894
[07-Sep-2017 14:42:28 UTC] PHP Notice:  De aangeroepen constructiemethode voor WP_Widget in LoginWidget is <strong>niet meer in gebruik</strong> sinds versie 4.3.0. Gebruik in plaats daarvan: <pre>__construct()</pre>. in /home/sites/forwodians.nl/web/wp-includes/functions.php on line 3894
[07-Sep-2017 14:42:34 UTC] PHP Notice:  De aangeroepen constructiemethode voor WP_Widget in VMenuWidget is <strong>niet meer in gebruik</strong> sinds versie 4.3.0. Gebruik in plaats daarvan: <pre>__construct()</pre>. in /home/sites/forwodians.nl/web/wp-includes/functions.php on line 3894
[07-Sep-2017 14:42:34 UTC] PHP Notice:  De aangeroepen constructiemethode voor WP_Widget in LoginWidget is <strong>niet meer in gebruik</strong> sinds versie 4.3.0. Gebruik in plaats daarvan: <pre>__construct()</pre>. in /home/sites/forwodians.nl/web/wp-includes/functions.php on line 3894
[07-Sep-2017 14:42:35 UTC] PHP Fatal error:  Allowed memory size of 268435456 bytes exhausted (tried to allocate 1024 bytes) in /home/sites/forwodians.nl/web/wp-includes/wp-db.php on line 1846
[07-Sep-2017 14:42:35 UTC] PHP Fatal error:  Unknown: Cannot use output buffering in output buffering display handlers in Unknown on line 0
[07-Sep-2017 14:42:36 UTC] PHP Notice:  Undefined index: mode in /home/sites/forwodians.nl/web/wp-content/plugins/wedstrijd/wedstrijd.php on line 971
[07-Sep-2017 14:42:36 UTC] PHP Notice:  Undefined variable: options in /home/sites/forwodians.nl/web/wp-content/plugins/wedstrijd/wedstrijd.php on line 973
[07-Sep-2017 14:42:36 UTC] PHP Notice:  Undefined index: mode in /home/sites/forwodians.nl/web/wp-content/plugins/wedstrijd/wedstrijd.php on line 183
[07-Sep-2017 14:42:37 UTC] PHP Notice:  De aangeroepen constructiemethode voor WP_Widget in VMenuWidget is <strong>niet meer in gebruik</strong> sinds versie 4.3.0. Gebruik in plaats daarvan: <pre>__construct()</pre>. in /home/sites/forwodians.nl/web/wp-includes/functions.php on line 3894
[07-Sep-2017 14:42:37 UTC] PHP Notice:  De aangeroepen constructiemethode voor WP_Widget in LoginWidget is <strong>niet meer in gebruik</strong> sinds versie 4.3.0. Gebruik in plaats daarvan: <pre>__construct()</pre>. in /home/sites/forwodians.nl/web/wp-includes/functions.php on line 3894
[07-Sep-2017 14:42:39 UTC] PHP Notice:  De aangeroepen constructiemethode voor WP_Widget in VMenuWidget is <strong>niet meer in gebruik</strong> sinds versie 4.3.0. Gebruik in plaats daarvan: <pre>__construct()</pre>. in /home/sites/forwodians.nl/web/wp-includes/functions.php on line 3894
[07-Sep-2017 14:42:39 UTC] PHP Notice:  De aangeroepen constructiemethode voor WP_Widget in LoginWidget is <strong>niet meer in gebruik</strong> sinds versie 4.3.0. Gebruik in plaats daarvan: <pre>__construct()</pre>. in /home/sites/forwodians.nl/web/wp-includes/functions.php on line 3894
[07-Sep-2017 14:42:46 UTC] PHP Notice:  De aangeroepen constructiemethode voor WP_Widget in VMenuWidget is <strong>niet meer in gebruik</strong> sinds versie 4.3.0. Gebruik in plaats daarvan: <pre>__construct()</pre>. in /home/sites/forwodians.nl/web/wp-includes/functions.php on line 3894
[07-Sep-2017 14:42:46 UTC] PHP Notice:  De aangeroepen constructiemethode voor WP_Widget in LoginWidget is <strong>niet meer in gebruik</strong> sinds versie 4.3.0. Gebruik in plaats daarvan: <pre>__construct()</pre>. in /home/sites/forwodians.nl/web/wp-includes/functions.php on line 3894
[07-Sep-2017 14:42:51 UTC] PHP Notice:  De aangeroepen constructiemethode voor WP_Widget in VMenuWidget is <strong>niet meer in gebruik</strong> sinds versie 4.3.0. Gebruik in plaats daarvan: <pre>__construct()</pre>. in /home/sites/forwodians.nl/web/wp-includes/functions.php on line 3894
[07-Sep-2017 14:42:51 UTC] PHP Notice:  De aangeroepen constructiemethode voor WP_Widget in LoginWidget is <strong>niet meer in gebruik</strong> sinds versie 4.3.0. Gebruik in plaats daarvan: <pre>__construct()</pre>. in /home/sites/forwodians.nl/web/wp-includes/functions.php on line 3894
[07-Sep-2017 14:42:53 UTC] PHP Fatal error:  Allowed memory size of 268435456 bytes exhausted (tried to allocate 512 bytes) in /home/sites/forwodians.nl/web/wp-includes/wp-db.php on line 1846
[07-Sep-2017 14:42:53 UTC] PHP Fatal error:  Unknown: Cannot use output buffering in output buffering display handlers in Unknown on line 0
[07-Sep-2017 14:43:01 UTC] PHP Notice:  De aangeroepen constructiemethode voor WP_Widget in VMenuWidget is <strong>niet meer in gebruik</strong> sinds versie 4.3.0. Gebruik in plaats daarvan: <pre>__construct()</pre>. in /home/sites/forwodians.nl/web/wp-includes/functions.php on line 3894
[07-Sep-2017 14:43:01 UTC] PHP Notice:  De aangeroepen constructiemethode voor WP_Widget in LoginWidget is <strong>niet meer in gebruik</strong> sinds versie 4.3.0. Gebruik in plaats daarvan: <pre>__construct()</pre>. in /home/sites/forwodians.nl/web/wp-includes/functions.php on line 3894
[07-Sep-2017 14:43:08 UTC] PHP Fatal error:  Allowed memory size of 268435456 bytes exhausted (tried to allocate 512 bytes) in /home/sites/forwodians.nl/web/wp-includes/wp-db.php on line 1846
[07-Sep-2017 14:43:08 UTC] PHP Fatal error:  Unknown: Cannot use output buffering in output buffering display handlers in Unknown on line 0
